TN:
SF:src/ERC5484/IssuerSoulboundToken.sol
FN:23,IssuerSoulboundToken.
FNDA:15,IssuerSoulboundToken.
FN:34,IssuerSoulboundToken.issue
FNDA:5,IssuerSoulboundToken.issue
DA:35,4
FN:43,IssuerSoulboundToken.revoke
FNDA:3,IssuerSoulboundToken.revoke
DA:44,2
FN:53,IssuerSoulboundToken.reissue
FNDA:2,IssuerSoulboundToken.reissue
DA:54,1
DA:55,1
FN:60,IssuerSoulboundToken._issue
FNDA:5,IssuerSoulboundToken._issue
DA:61,5
DA:62,5
FN:65,IssuerSoulboundToken._revoke
FNDA:3,IssuerSoulboundToken._revoke
DA:66,3
DA:67,3
BRDA:67,0,0,1
DA:68,2
DA:69,2
FN:74,IssuerSoulboundToken._baseURI
FNDA:0,IssuerSoulboundToken._baseURI
DA:76,0
FN:79,IssuerSoulboundToken.safeTransferFrom
FNDA:1,IssuerSoulboundToken.safeTransferFrom
DA:80,1
FN:83,IssuerSoulboundToken.transferFrom
FNDA:1,IssuerSoulboundToken.transferFrom
DA:84,1
FN:87,IssuerSoulboundToken.approve
FNDA:1,IssuerSoulboundToken.approve
DA:88,1
FN:91,IssuerSoulboundToken.setApprovalForAll
FNDA:1,IssuerSoulboundToken.setApprovalForAll
DA:92,1
FN:97,IssuerSoulboundToken.burnAuth
FNDA:1,IssuerSoulboundToken.burnAuth
DA:98,0
FN:103,IssuerSoulboundToken.supportsInterface
FNDA:3,IssuerSoulboundToken.supportsInterface
DA:104,3
FNF:13
FNH:12
LF:17
LH:15
BRF:1
BRH:1
end_of_record
